<?xml version="1.0" encoding="UTF-8"?>
<coverage generated="1642609713250" clover="3.2.0">
  <project timestamp="1642609713250" name="All files">
    <metrics statements="47" coveredstatements="45" conditionals="12" coveredconditionals="9" methods="23" coveredmethods="22" elements="82" coveredelements="76" complexity="0" loc="47" ncloc="47" packages="5" files="10" classes="10"/>
    <package name="src.components.atoms">
      <metrics statements="9" coveredstatements="9" conditionals="0" coveredconditionals="0" methods="5" coveredmethods="5"/>
      <file name="AddTask.vue" path="C:\Users\Zalman\Desktop\wd-projects\wd-vue\src\components\atoms\AddTask.vue">
        <metrics statements="4" coveredstatements="4" conditionals="0" coveredconditionals="0" methods="2" coveredmethods="2"/>
        <line num="7" count="2" type="stmt"/>
        <line num="10" count="1" type="stmt"/>
        <line num="17" count="1" type="stmt"/>
        <line num="18" count="1" type="stmt"/>
      </file>
      <file name="Tab.vue" path="C:\Users\Zalman\Desktop\wd-projects\wd-vue\src\components\atoms\Tab.vue">
        <metrics statements="2" coveredstatements="2" conditionals="0" coveredconditionals="0" methods="1" coveredmethods="1"/>
        <line num="15" count="4" type="stmt"/>
        <line num="28" count="1" type="stmt"/>
      </file>
      <file name="TaskItem.vue" path="C:\Users\Zalman\Desktop\wd-projects\wd-vue\src\components\atoms\TaskItem.vue">
        <metrics statements="3" coveredstatements="3" conditionals="0" coveredconditionals="0" methods="2" coveredmethods="2"/>
        <line num="21" count="3" type="stmt"/>
        <line num="37" count="1" type="stmt"/>
        <line num="40" count="1" type="stmt"/>
      </file>
    </package>
    <package name="src.components.molecules">
      <metrics statements="4" coveredstatements="4" conditionals="0" coveredconditionals="0" methods="0" coveredmethods="0"/>
      <file name="Tabs.vue" path="C:\Users\Zalman\Desktop\wd-projects\wd-vue\src\components\molecules\Tabs.vue">
        <metrics statements="2" coveredstatements="2" conditionals="0" coveredconditionals="0" methods="0" coveredmethods="0"/>
        <line num="12" count="3" type="stmt"/>
        <line num="13" count="3" type="stmt"/>
      </file>
      <file name="TaskList.vue" path="C:\Users\Zalman\Desktop\wd-projects\wd-vue\src\components\molecules\TaskList.vue">
        <metrics statements="2" coveredstatements="2" conditionals="0" coveredconditionals="0" methods="0" coveredmethods="0"/>
        <line num="23" count="2" type="stmt"/>
        <line num="24" count="2" type="stmt"/>
      </file>
    </package>
    <package name="src.components.organisms">
      <metrics statements="9" coveredstatements="8" conditionals="0" coveredconditionals="0" methods="2" coveredmethods="1"/>
      <file name="Content.vue" path="C:\Users\Zalman\Desktop\wd-projects\wd-vue\src\components\organisms\Content.vue">
        <metrics statements="2" coveredstatements="2" conditionals="0" coveredconditionals="0" methods="0" coveredmethods="0"/>
        <line num="10" count="1" type="stmt"/>
        <line num="11" count="1" type="stmt"/>
      </file>
      <file name="Footer.vue" path="C:\Users\Zalman\Desktop\wd-projects\wd-vue\src\components\organisms\Footer.vue">
        <metrics statements="2" coveredstatements="2" conditionals="0" coveredconditionals="0" methods="0" coveredmethods="0"/>
        <line num="11" count="2" type="stmt"/>
        <line num="12" count="2" type="stmt"/>
      </file>
      <file name="TodoApp.vue" path="C:\Users\Zalman\Desktop\wd-projects\wd-vue\src\components\organisms\TodoApp.vue">
        <metrics statements="5" coveredstatements="4" conditionals="0" coveredconditionals="0" methods="2" coveredmethods="1"/>
        <line num="9" count="1" type="stmt"/>
        <line num="10" count="1" type="stmt"/>
        <line num="11" count="1" type="stmt"/>
        <line num="17" count="0" type="stmt"/>
        <line num="23" count="1" type="stmt"/>
      </file>
    </package>
    <package name="src.store.modules">
      <metrics statements="25" coveredstatements="24" conditionals="12" coveredconditionals="9" methods="16" coveredmethods="16"/>
      <file name="tasks.js" path="C:\Users\Zalman\Desktop\wd-projects\wd-vue\src\store\modules\tasks.js">
        <metrics statements="25" coveredstatements="24" conditionals="12" coveredconditionals="9" methods="16" coveredmethods="16"/>
        <line num="23" count="1" type="stmt"/>
        <line num="26" count="1" type="stmt"/>
        <line num="29" count="3" type="cond" truecount="2" falsecount="0"/>
        <line num="30" count="1" type="stmt"/>
        <line num="31" count="2" type="cond" truecount="2" falsecount="0"/>
        <line num="32" count="3" type="stmt"/>
        <line num="33" count="1" type="cond" truecount="1" falsecount="1"/>
        <line num="34" count="3" type="stmt"/>
        <line num="36" count="0" type="stmt"/>
        <line num="39" count="3" type="stmt"/>
        <line num="42" count="1" type="stmt"/>
        <line num="47" count="1" type="cond" truecount="1" falsecount="1"/>
        <line num="48" count="1" type="stmt"/>
        <line num="54" count="1" type="stmt"/>
        <line num="57" count="4" type="stmt"/>
        <line num="58" count="1" type="stmt"/>
        <line num="61" count="1" type="stmt"/>
        <line num="62" count="3" type="cond" truecount="2" falsecount="0"/>
        <line num="63" count="1" type="stmt"/>
        <line num="66" count="1" type="stmt"/>
        <line num="69" count="1" type="stmt"/>
        <line num="72" count="2" type="stmt"/>
        <line num="77" count="1" type="stmt"/>
        <line num="78" count="1" type="cond" truecount="1" falsecount="1"/>
        <line num="79" count="1" type="stmt"/>
      </file>
    </package>
    <package name="tests.unit.store">
      <metrics statements="0" coveredstatements="0" conditionals="0" coveredconditionals="0" methods="0" coveredmethods="0"/>
      <file name="store.cfg.js" path="C:\Users\Zalman\Desktop\wd-projects\wd-vue\tests\unit\store\store.cfg.js">
        <metrics statements="0" coveredstatements="0" conditionals="0" coveredconditionals="0" methods="0" coveredmethods="0"/>
      </file>
    </package>
  </project>
</coverage>
