{"C:\\Users\\Zalman\\Desktop\\wd-projects\\wd-vue\\src\\components\\atoms\\AddTask.vue": {"path":"C:\\Users\\Zalman\\Desktop\\wd-projects\\wd-vue\\src\\components\\atoms\\AddTask.vue","statementMap":{"0":{"start":{"line":7,"column":0},"end":{"line":7,"column":null}},"1":{"start":{"line":10,"column":0},"end":{"line":10,"column":null}},"2":{"start":{"line":17,"column":0},"end":{"line":17,"column":null}},"3":{"start":{"line":18,"column":0},"end":{"line":18,"column":null}}},"fnMap":{"0":{"name":"(anonymous_1)","decl":{"start":{"line":9,"column":0},"end":{"line":9,"column":null}},"loc":{"start":{"line":9,"column":0},"end":{"line":13,"column":null}}},"1":{"name":"(anonymous_2)","decl":{"start":{"line":16,"column":0},"end":{"line":16,"column":null}},"loc":{"start":{"line":16,"column":0},"end":{"line":19,"column":null}}}},"branchMap":{},"s":{"0":2,"1":1,"2":1,"3":1},"f":{"0":1,"1":1},"b":{}}
,"C:\\Users\\Zalman\\Desktop\\wd-projects\\wd-vue\\src\\components\\atoms\\Tab.vue": {"path":"C:\\Users\\Zalman\\Desktop\\wd-projects\\wd-vue\\src\\components\\atoms\\Tab.vue","statementMap":{"0":{"start":{"line":15,"column":0},"end":{"line":15,"column":null}},"1":{"start":{"line":28,"column":0},"end":{"line":28,"column":null}}},"fnMap":{"0":{"name":"(anonymous_1)","decl":{"start":{"line":27,"column":0},"end":{"line":27,"column":null}},"loc":{"start":{"line":27,"column":0},"end":{"line":29,"column":null}}}},"branchMap":{},"s":{"0":4,"1":1},"f":{"0":1},"b":{}}
,"C:\\Users\\Zalman\\Desktop\\wd-projects\\wd-vue\\src\\components\\atoms\\TaskItem.vue": {"path":"C:\\Users\\Zalman\\Desktop\\wd-projects\\wd-vue\\src\\components\\atoms\\TaskItem.vue","statementMap":{"0":{"start":{"line":21,"column":0},"end":{"line":21,"column":null}},"1":{"start":{"line":37,"column":0},"end":{"line":37,"column":null}},"2":{"start":{"line":40,"column":0},"end":{"line":40,"column":null}}},"fnMap":{"0":{"name":"(anonymous_1)","decl":{"start":{"line":36,"column":0},"end":{"line":36,"column":null}},"loc":{"start":{"line":36,"column":0},"end":{"line":38,"column":null}}},"1":{"name":"(anonymous_2)","decl":{"start":{"line":39,"column":0},"end":{"line":39,"column":null}},"loc":{"start":{"line":39,"column":0},"end":{"line":41,"column":null}}}},"branchMap":{},"s":{"0":3,"1":1,"2":1},"f":{"0":1,"1":1},"b":{}}
,"C:\\Users\\Zalman\\Desktop\\wd-projects\\wd-vue\\src\\components\\molecules\\Tabs.vue": {"path":"C:\\Users\\Zalman\\Desktop\\wd-projects\\wd-vue\\src\\components\\molecules\\Tabs.vue","statementMap":{"0":{"start":{"line":12,"column":0},"end":{"line":12,"column":null}},"1":{"start":{"line":13,"column":0},"end":{"line":13,"column":null}}},"fnMap":{},"branchMap":{},"s":{"0":3,"1":3},"f":{},"b":{}}
,"C:\\Users\\Zalman\\Desktop\\wd-projects\\wd-vue\\src\\components\\molecules\\TaskList.vue": {"path":"C:\\Users\\Zalman\\Desktop\\wd-projects\\wd-vue\\src\\components\\molecules\\TaskList.vue","statementMap":{"0":{"start":{"line":23,"column":0},"end":{"line":23,"column":null}},"1":{"start":{"line":24,"column":0},"end":{"line":24,"column":null}}},"fnMap":{},"branchMap":{},"s":{"0":2,"1":2},"f":{},"b":{}}
,"C:\\Users\\Zalman\\Desktop\\wd-projects\\wd-vue\\src\\components\\organisms\\Content.vue": {"path":"C:\\Users\\Zalman\\Desktop\\wd-projects\\wd-vue\\src\\components\\organisms\\Content.vue","statementMap":{"0":{"start":{"line":10,"column":0},"end":{"line":10,"column":null}},"1":{"start":{"line":11,"column":0},"end":{"line":11,"column":null}}},"fnMap":{},"branchMap":{},"s":{"0":1,"1":1},"f":{},"b":{}}
,"C:\\Users\\Zalman\\Desktop\\wd-projects\\wd-vue\\src\\components\\organisms\\Footer.vue": {"path":"C:\\Users\\Zalman\\Desktop\\wd-projects\\wd-vue\\src\\components\\organisms\\Footer.vue","statementMap":{"0":{"start":{"line":11,"column":0},"end":{"line":11,"column":null}},"1":{"start":{"line":12,"column":0},"end":{"line":12,"column":null}}},"fnMap":{},"branchMap":{},"s":{"0":2,"1":2},"f":{},"b":{}}
,"C:\\Users\\Zalman\\Desktop\\wd-projects\\wd-vue\\src\\components\\organisms\\TodoApp.vue": {"path":"C:\\Users\\Zalman\\Desktop\\wd-projects\\wd-vue\\src\\components\\organisms\\TodoApp.vue","statementMap":{"0":{"start":{"line":9,"column":0},"end":{"line":9,"column":null}},"1":{"start":{"line":10,"column":0},"end":{"line":10,"column":null}},"2":{"start":{"line":11,"column":0},"end":{"line":11,"column":null}},"3":{"start":{"line":17,"column":0},"end":{"line":17,"column":null}},"4":{"start":{"line":23,"column":0},"end":{"line":23,"column":null}}},"fnMap":{"0":{"name":"(anonymous_1)","decl":{"start":{"line":16,"column":0},"end":{"line":16,"column":null}},"loc":{"start":{"line":16,"column":0},"end":{"line":18,"column":null}}},"1":{"name":"(anonymous_2)","decl":{"start":{"line":22,"column":0},"end":{"line":22,"column":null}},"loc":{"start":{"line":22,"column":0},"end":{"line":24,"column":null}}}},"branchMap":{},"s":{"0":1,"1":1,"2":1,"3":0,"4":1},"f":{"0":0,"1":1},"b":{}}
,"C:\\Users\\Zalman\\Desktop\\wd-projects\\wd-vue\\src\\store\\modules\\tasks.js": {"path":"C:\\Users\\Zalman\\Desktop\\wd-projects\\wd-vue\\src\\store\\modules\\tasks.js","statementMap":{"0":{"start":{"line":23,"column":6},"end":{"line":23,"column":25}},"1":{"start":{"line":26,"column":6},"end":{"line":26,"column":32}},"2":{"start":{"line":29,"column":6},"end":{"line":35,"column":7}},"3":{"start":{"line":30,"column":8},"end":{"line":30,"column":27}},"4":{"start":{"line":31,"column":13},"end":{"line":35,"column":7}},"5":{"start":{"line":32,"column":8},"end":{"line":32,"column":61}},"6":{"start":{"line":32,"column":42},"end":{"line":32,"column":59}},"7":{"start":{"line":33,"column":13},"end":{"line":35,"column":7}},"8":{"start":{"line":34,"column":8},"end":{"line":34,"column":60}},"9":{"start":{"line":34,"column":42},"end":{"line":34,"column":58}},"10":{"start":{"line":36,"column":6},"end":{"line":36,"column":25}},"11":{"start":{"line":39,"column":6},"end":{"line":39,"column":65}},"12":{"start":{"line":39,"column":40},"end":{"line":39,"column":56}},"13":{"start":{"line":42,"column":6},"end":{"line":42,"column":24}},"14":{"start":{"line":47,"column":6},"end":{"line":53,"column":7}},"15":{"start":{"line":48,"column":8},"end":{"line":52,"column":11}},"16":{"start":{"line":54,"column":6},"end":{"line":54,"column":65}},"17":{"start":{"line":57,"column":6},"end":{"line":57,"column":63}},"18":{"start":{"line":57,"column":47},"end":{"line":57,"column":61}},"19":{"start":{"line":58,"column":6},"end":{"line":58,"column":65}},"20":{"start":{"line":61,"column":6},"end":{"line":65,"column":9}},"21":{"start":{"line":62,"column":8},"end":{"line":64,"column":9}},"22":{"start":{"line":63,"column":10},"end":{"line":63,"column":47}},"23":{"start":{"line":66,"column":6},"end":{"line":66,"column":65}},"24":{"start":{"line":69,"column":6},"end":{"line":69,"column":30}},"25":{"start":{"line":72,"column":6},"end":{"line":72,"column":26}},"26":{"start":{"line":77,"column":25},"end":{"line":77,"column":54}},"27":{"start":{"line":78,"column":6},"end":{"line":80,"column":7}},"28":{"start":{"line":79,"column":8},"end":{"line":79,"column":62}}},"fnMap":{"0":{"name":"(anonymous_0)","decl":{"start":{"line":22,"column":4},"end":{"line":22,"column":5}},"loc":{"start":{"line":22,"column":20},"end":{"line":24,"column":5}},"line":22},"1":{"name":"(anonymous_1)","decl":{"start":{"line":25,"column":4},"end":{"line":25,"column":5}},"loc":{"start":{"line":25,"column":25},"end":{"line":27,"column":5}},"line":25},"2":{"name":"(anonymous_2)","decl":{"start":{"line":28,"column":4},"end":{"line":28,"column":5}},"loc":{"start":{"line":28,"column":28},"end":{"line":37,"column":5}},"line":28},"3":{"name":"(anonymous_3)","decl":{"start":{"line":32,"column":34},"end":{"line":32,"column":35}},"loc":{"start":{"line":32,"column":42},"end":{"line":32,"column":59}},"line":32},"4":{"name":"(anonymous_4)","decl":{"start":{"line":34,"column":34},"end":{"line":34,"column":35}},"loc":{"start":{"line":34,"column":42},"end":{"line":34,"column":58}},"line":34},"5":{"name":"(anonymous_5)","decl":{"start":{"line":38,"column":4},"end":{"line":38,"column":5}},"loc":{"start":{"line":38,"column":24},"end":{"line":40,"column":5}},"line":38},"6":{"name":"(anonymous_6)","decl":{"start":{"line":39,"column":32},"end":{"line":39,"column":33}},"loc":{"start":{"line":39,"column":40},"end":{"line":39,"column":56}},"line":39},"7":{"name":"(anonymous_7)","decl":{"start":{"line":41,"column":4},"end":{"line":41,"column":5}},"loc":{"start":{"line":41,"column":19},"end":{"line":43,"column":5}},"line":41},"8":{"name":"(anonymous_8)","decl":{"start":{"line":46,"column":4},"end":{"line":46,"column":5}},"loc":{"start":{"line":46,"column":30},"end":{"line":55,"column":5}},"line":46},"9":{"name":"(anonymous_9)","decl":{"start":{"line":56,"column":4},"end":{"line":56,"column":5}},"loc":{"start":{"line":56,"column":26},"end":{"line":59,"column":5}},"line":56},"10":{"name":"(anonymous_10)","decl":{"start":{"line":57,"column":39},"end":{"line":57,"column":40}},"loc":{"start":{"line":57,"column":47},"end":{"line":57,"column":61}},"line":57},"11":{"name":"(anonymous_11)","decl":{"start":{"line":60,"column":4},"end":{"line":60,"column":5}},"loc":{"start":{"line":60,"column":31},"end":{"line":67,"column":5}},"line":60},"12":{"name":"(anonymous_12)","decl":{"start":{"line":61,"column":26},"end":{"line":61,"column":27}},"loc":{"start":{"line":61,"column":34},"end":{"line":65,"column":7}},"line":61},"13":{"name":"(anonymous_13)","decl":{"start":{"line":68,"column":4},"end":{"line":68,"column":5}},"loc":{"start":{"line":68,"column":33},"end":{"line":70,"column":5}},"line":68},"14":{"name":"(anonymous_14)","decl":{"start":{"line":71,"column":4},"end":{"line":71,"column":5}},"loc":{"start":{"line":71,"column":38},"end":{"line":73,"column":5}},"line":71},"15":{"name":"(anonymous_15)","decl":{"start":{"line":76,"column":25},"end":{"line":76,"column":26}},"loc":{"start":{"line":76,"column":41},"end":{"line":81,"column":5}},"line":76}},"branchMap":{"0":{"loc":{"start":{"line":29,"column":6},"end":{"line":35,"column":7}},"type":"if","locations":[{"start":{"line":29,"column":6},"end":{"line":35,"column":7}},{"start":{"line":29,"column":6},"end":{"line":35,"column":7}}],"line":29},"1":{"loc":{"start":{"line":31,"column":13},"end":{"line":35,"column":7}},"type":"if","locations":[{"start":{"line":31,"column":13},"end":{"line":35,"column":7}},{"start":{"line":31,"column":13},"end":{"line":35,"column":7}}],"line":31},"2":{"loc":{"start":{"line":33,"column":13},"end":{"line":35,"column":7}},"type":"if","locations":[{"start":{"line":33,"column":13},"end":{"line":35,"column":7}},{"start":{"line":33,"column":13},"end":{"line":35,"column":7}}],"line":33},"3":{"loc":{"start":{"line":47,"column":6},"end":{"line":53,"column":7}},"type":"if","locations":[{"start":{"line":47,"column":6},"end":{"line":53,"column":7}},{"start":{"line":47,"column":6},"end":{"line":53,"column":7}}],"line":47},"4":{"loc":{"start":{"line":62,"column":8},"end":{"line":64,"column":9}},"type":"if","locations":[{"start":{"line":62,"column":8},"end":{"line":64,"column":9}},{"start":{"line":62,"column":8},"end":{"line":64,"column":9}}],"line":62},"5":{"loc":{"start":{"line":78,"column":6},"end":{"line":80,"column":7}},"type":"if","locations":[{"start":{"line":78,"column":6},"end":{"line":80,"column":7}},{"start":{"line":78,"column":6},"end":{"line":80,"column":7}}],"line":78}},"s":{"0":1,"1":1,"2":3,"3":1,"4":2,"5":1,"6":3,"7":1,"8":1,"9":3,"10":0,"11":1,"12":3,"13":1,"14":1,"15":1,"16":1,"17":1,"18":4,"19":1,"20":1,"21":3,"22":1,"23":1,"24":1,"25":2,"26":1,"27":1,"28":1},"f":{"0":1,"1":1,"2":3,"3":3,"4":3,"5":1,"6":3,"7":1,"8":1,"9":1,"10":4,"11":1,"12":3,"13":1,"14":2,"15":1},"b":{"0":[1,2],"1":[1,1],"2":[1,0],"3":[1,0],"4":[1,2],"5":[1,0]},"_coverageSchema":"43e27e138ebf9cfc5966b082cf9a028302ed4184","hash":"430437c18e7ebb43590a542edcbf7ac58c1841d3"}
,"C:\\Users\\Zalman\\Desktop\\wd-projects\\wd-vue\\tests\\unit\\store\\store.cfg.js": {"path":"C:\\Users\\Zalman\\Desktop\\wd-projects\\wd-vue\\tests\\unit\\store\\store.cfg.js","statementMap":{},"fnMap":{},"branchMap":{},"s":{},"f":{},"b":{},"_coverageSchema":"43e27e138ebf9cfc5966b082cf9a028302ed4184","hash":"a3ff7f4cea5415f1f2abb102218edc1c2fc4e1ac"}
}
