TN:
SF:C:\Users\Zalman\Desktop\wd-projects\wd-vue\src\components\atoms\AddTask.vue
FN:9,(anonymous_1)
FN:16,(anonymous_2)
FNF:2
FNH:2
FNDA:1,(anonymous_1)
FNDA:1,(anonymous_2)
DA:7,2
DA:10,1
DA:17,1
DA:18,1
LF:4
LH:4
BRF:0
BRH:0
end_of_record
TN:
SF:C:\Users\Zalman\Desktop\wd-projects\wd-vue\src\components\atoms\Tab.vue
FN:27,(anonymous_1)
FNF:1
FNH:1
FNDA:1,(anonymous_1)
DA:15,4
DA:28,1
LF:2
LH:2
BRF:0
BRH:0
end_of_record
TN:
SF:C:\Users\Zalman\Desktop\wd-projects\wd-vue\src\components\atoms\TaskItem.vue
FN:36,(anonymous_1)
FN:39,(anonymous_2)
FNF:2
FNH:2
FNDA:1,(anonymous_1)
FNDA:1,(anonymous_2)
DA:21,3
DA:37,1
DA:40,1
LF:3
LH:3
BRF:0
BRH:0
end_of_record
TN:
SF:C:\Users\Zalman\Desktop\wd-projects\wd-vue\src\components\molecules\Tabs.vue
FNF:0
FNH:0
DA:12,3
DA:13,3
LF:2
LH:2
BRF:0
BRH:0
end_of_record
TN:
SF:C:\Users\Zalman\Desktop\wd-projects\wd-vue\src\components\molecules\TaskList.vue
FNF:0
FNH:0
DA:23,2
DA:24,2
LF:2
LH:2
BRF:0
BRH:0
end_of_record
TN:
SF:C:\Users\Zalman\Desktop\wd-projects\wd-vue\src\components\organisms\Content.vue
FNF:0
FNH:0
DA:10,1
DA:11,1
LF:2
LH:2
BRF:0
BRH:0
end_of_record
TN:
SF:C:\Users\Zalman\Desktop\wd-projects\wd-vue\src\components\organisms\Footer.vue
FNF:0
FNH:0
DA:11,2
DA:12,2
LF:2
LH:2
BRF:0
BRH:0
end_of_record
TN:
SF:C:\Users\Zalman\Desktop\wd-projects\wd-vue\src\components\organisms\TodoApp.vue
FN:16,(anonymous_1)
FN:22,(anonymous_2)
FNF:2
FNH:1
FNDA:0,(anonymous_1)
FNDA:1,(anonymous_2)
DA:9,1
DA:10,1
DA:11,1
DA:17,0
DA:23,1
LF:5
LH:4
BRF:0
BRH:0
end_of_record
TN:
SF:C:\Users\Zalman\Desktop\wd-projects\wd-vue\src\store\modules\tasks.js
FN:22,(anonymous_0)
FN:25,(anonymous_1)
FN:28,(anonymous_2)
FN:32,(anonymous_3)
FN:34,(anonymous_4)
FN:38,(anonymous_5)
FN:39,(anonymous_6)
FN:41,(anonymous_7)
FN:46,(anonymous_8)
FN:56,(anonymous_9)
FN:57,(anonymous_10)
FN:60,(anonymous_11)
FN:61,(anonymous_12)
FN:68,(anonymous_13)
FN:71,(anonymous_14)
FN:76,(anonymous_15)
FNF:16
FNH:16
FNDA:1,(anonymous_0)
FNDA:1,(anonymous_1)
FNDA:3,(anonymous_2)
FNDA:3,(anonymous_3)
FNDA:3,(anonymous_4)
FNDA:1,(anonymous_5)
FNDA:3,(anonymous_6)
FNDA:1,(anonymous_7)
FNDA:1,(anonymous_8)
FNDA:1,(anonymous_9)
FNDA:4,(anonymous_10)
FNDA:1,(anonymous_11)
FNDA:3,(anonymous_12)
FNDA:1,(anonymous_13)
FNDA:2,(anonymous_14)
FNDA:1,(anonymous_15)
DA:23,1
DA:26,1
DA:29,3
DA:30,1
DA:31,2
DA:32,3
DA:33,1
DA:34,3
DA:36,0
DA:39,3
DA:42,1
DA:47,1
DA:48,1
DA:54,1
DA:57,4
DA:58,1
DA:61,1
DA:62,3
DA:63,1
DA:66,1
DA:69,1
DA:72,2
DA:77,1
DA:78,1
DA:79,1
LF:25
LH:24
BRDA:29,0,0,1
BRDA:29,0,1,2
BRDA:31,1,0,1
BRDA:31,1,1,1
BRDA:33,2,0,1
BRDA:33,2,1,0
BRDA:47,3,0,1
BRDA:47,3,1,0
BRDA:62,4,0,1
BRDA:62,4,1,2
BRDA:78,5,0,1
BRDA:78,5,1,0
BRF:12
BRH:9
end_of_record
TN:
SF:C:\Users\Zalman\Desktop\wd-projects\wd-vue\tests\unit\store\store.cfg.js
FNF:0
FNH:0
LF:0
LH:0
BRF:0
BRH:0
end_of_record
